format = '2021-12-07 15:56:58,712 - website - INFO - Info message-create_app',
format = '2021-12-07 15:56:58,713 - website - WARNING - Warning msg-create_app',
format = '2021-12-07 15:56:58,713 - website - ERROR - Error msg!!!-create_app',
format = '2021-12-07 15:56:58,808 - werkzeug - INFO -  * Running on http://127.0.0.1:5000/ (Press CTRL+C to quit)-_log',
format = '2021-12-07 15:57:04,358 - werkzeug - INFO - 127.0.0.1 - - [07/Dec/2021 15:57:04] "[32mGET / HTTP/1.1[0m" 302 --_log',
format = '2021-12-07 15:57:04,443 - werkzeug - INFO - 127.0.0.1 - - [07/Dec/2021 15:57:04] "GET /login?next=%2F HTTP/1.1" 200 --_log',
format = '2021-12-07 15:57:04,632 - werkzeug - INFO - 127.0.0.1 - - [07/Dec/2021 15:57:04] "[36mGET /static/index.js HTTP/1.1[0m" 304 --_log',
format = '2021-12-07 15:57:09,132 - root - ERROR - Email Error-login',
format = '2021-12-07 15:57:09,132 - werkzeug - INFO - 127.0.0.1 - - [07/Dec/2021 15:57:09] "POST /login?next=%2F HTTP/1.1" 200 --_log',
format = '2021-12-07 15:57:09,260 - werkzeug - INFO - 127.0.0.1 - - [07/Dec/2021 15:57:09] "[36mGET /static/index.js HTTP/1.1[0m" 304 --_log',
format = '2021-12-07 15:57:15,509 - werkzeug - INFO - 127.0.0.1 - - [07/Dec/2021 15:57:15] "[32mPOST /login?next=%2F HTTP/1.1[0m" 302 --_log',
format = '2021-12-07 15:57:15,568 - werkzeug - INFO - 127.0.0.1 - - [07/Dec/2021 15:57:15] "GET /home HTTP/1.1" 200 --_log',
format = '2021-12-07 15:57:15,646 - werkzeug - INFO - 127.0.0.1 - - [07/Dec/2021 15:57:15] "[36mGET /static/index.js HTTP/1.1[0m" 304 --_log',
format = '2021-12-07 17:18:09,261 - website - INFO - Info message-create_app',
format = '2021-12-07 17:18:09,265 - website - WARNING - Warning msg-create_app',
format = '2021-12-07 17:18:09,266 - website - ERROR - Error msg!!!-create_app',
format = '2021-12-07 17:22:36,865 - website - INFO - Info message-create_app',
format = '2021-12-07 17:22:36,865 - website - WARNING - Warning msg-create_app',
format = '2021-12-07 17:22:36,867 - website - ERROR - Error msg!!!-create_app',
format = '2021-12-07 17:24:14,083 - website - INFO - Info message-create_app',
format = '2021-12-07 17:24:14,083 - website - WARNING - Warning msg-create_app',
format = '2021-12-07 17:24:14,084 - website - ERROR - Error msg!!!-create_app',
format = '2021-12-07 17:25:18,601 - website - INFO - Info message-create_app',
format = '2021-12-07 17:25:18,601 - website - WARNING - Warning msg-create_app',
format = '2021-12-07 17:25:18,601 - website - ERROR - Error msg!!!-create_app',
format = '2021-12-07 17:25:39,825 - website - INFO - Info message-create_app',
format = '2021-12-07 17:25:39,826 - website - WARNING - Warning msg-create_app',
format = '2021-12-07 17:25:39,826 - website - ERROR - Error msg!!!-create_app',
format = '2021-12-07 17:26:14,782 - website - INFO - Info message-create_app',
format = '2021-12-07 17:26:14,782 - website - WARNING - Warning msg-create_app',
format = '2021-12-07 17:26:14,783 - website - ERROR - Error msg!!!-create_app',
format = '2021-12-07 17:26:34,110 - website - INFO - Info message-create_app',
format = '2021-12-07 17:26:34,110 - website - WARNING - Warning msg-create_app',
format = '2021-12-07 17:26:34,110 - website - ERROR - Error msg!!!-create_app',
format = '2021-12-07 17:26:34,194 - werkzeug - INFO -  * Running on http://127.0.0.1:5000/ (Press CTRL+C to quit)-_log',
format = '2021-12-07 17:26:37,013 - werkzeug - INFO - 127.0.0.1 - - [07/Dec/2021 17:26:37] "GET / HTTP/1.1" 200 --_log',
format = '2021-12-07 17:26:37,084 - werkzeug - INFO - 127.0.0.1 - - [07/Dec/2021 17:26:37] "[36mGET /static/index.js HTTP/1.1[0m" 304 --_log',
format = '2021-12-07 17:26:40,558 - werkzeug - INFO - 127.0.0.1 - - [07/Dec/2021 17:26:40] "GET /create-post HTTP/1.1" 200 --_log',
format = '2021-12-07 17:26:41,774 - werkzeug - INFO - 127.0.0.1 - - [07/Dec/2021 17:26:41] "POST /create-post HTTP/1.1" 200 --_log',
format = '2021-12-07 17:26:46,033 - werkzeug - INFO - 127.0.0.1 - - [07/Dec/2021 17:26:46] "[32mPOST /create-post HTTP/1.1[0m" 302 --_log',
format = '2021-12-07 17:26:46,095 - werkzeug - INFO - 127.0.0.1 - - [07/Dec/2021 17:26:46] "GET /home HTTP/1.1" 200 --_log',
format = '2021-12-07 17:26:55,881 - website - INFO - Info message-create_app',
format = '2021-12-07 17:26:55,882 - website - WARNING - Warning msg-create_app',
format = '2021-12-07 17:26:55,882 - website - ERROR - Error msg!!!-create_app',
format = '2021-12-07 17:28:16,532 - website - INFO - Info message-create_app',
format = '2021-12-07 17:28:16,533 - website - WARNING - Warning msg-create_app',
format = '2021-12-07 17:28:16,533 - website - ERROR - Error msg!!!-create_app',
format = '2021-12-07 17:31:00,758 - website - INFO - Info message-create_app',
format = '2021-12-07 17:31:00,759 - website - WARNING - Warning msg-create_app',
format = '2021-12-07 17:31:00,759 - website - ERROR - Error msg!!!-create_app',
format = '2021-12-07 17:31:01,058 - website - INFO - Info message-create_app',
format = '2021-12-07 17:31:01,058 - website - INFO - Info message-create_app',
format = '2021-12-07 17:31:01,058 - website - WARNING - Warning msg-create_app',
format = '2021-12-07 17:31:01,058 - website - WARNING - Warning msg-create_app',
format = '2021-12-07 17:31:01,059 - website - ERROR - Error msg!!!-create_app',
format = '2021-12-07 17:31:01,059 - website - ERROR - Error msg!!!-create_app',
format = '2021-12-07 17:31:48,641 - website - INFO - Info message-create_app',
format = '2021-12-07 17:31:48,641 - website - WARNING - Warning msg-create_app',
format = '2021-12-07 17:31:48,641 - website - ERROR - Error msg!!!-create_app',
format = '2021-12-07 17:33:42,662 - website - INFO - Info message-create_app',
format = '2021-12-07 17:33:42,662 - website - WARNING - Warning msg-create_app',
format = '2021-12-07 17:33:42,666 - website - ERROR - Error msg!!!-create_app',
format = '2021-12-07 17:35:15,032 - website - INFO - Info message-create_app',
format = '2021-12-07 17:35:15,032 - website - WARNING - Warning msg-create_app',
format = '2021-12-07 17:35:15,048 - website - ERROR - Error msg!!!-create_app',
format = '2021-12-07 17:36:59,723 - website - INFO - Info message-create_app',
format = '2021-12-07 17:36:59,723 - website - WARNING - Warning msg-create_app',
format = '2021-12-07 17:36:59,737 - website - ERROR - Error msg!!!-create_app',
format = '2021-12-07 17:40:24,914 - website - INFO - Info message-create_app',
format = '2021-12-07 17:40:24,914 - website - WARNING - Warning msg-create_app',
format = '2021-12-07 17:40:24,929 - website - ERROR - Error msg!!!-create_app',
format = '2021-12-07 17:40:38,665 - website - INFO - Info message-create_app',
format = '2021-12-07 17:40:38,666 - website - WARNING - Warning msg-create_app',
format = '2021-12-07 17:40:38,666 - website - ERROR - Error msg!!!-create_app',
format = '2021-12-07 17:41:10,124 - website - INFO - Info message-create_app',
format = '2021-12-07 17:41:10,124 - website - WARNING - Warning msg-create_app',
format = '2021-12-07 17:41:10,139 - website - ERROR - Error msg!!!-create_app',
format = '2021-12-07 17:41:19,314 - website - INFO - Info message-create_app',
format = '2021-12-07 17:41:19,314 - website - WARNING - Warning msg-create_app',
format = '2021-12-07 17:41:19,315 - website - ERROR - Error msg!!!-create_app',
format = '2021-12-07 22:08:59,025 - website - INFO - Info message-create_app',
format = '2021-12-07 22:08:59,025 - website - WARNING - Warning msg-create_app',
format = '2021-12-07 22:08:59,025 - website - ERROR - Error msg!!!-create_app',
format = '2021-12-07 22:11:15,438 - website - INFO - Info message-create_app',
format = '2021-12-07 22:11:15,438 - website - WARNING - Warning msg-create_app',
format = '2021-12-07 22:11:15,438 - website - ERROR - Error msg!!!-create_app',
format = '2021-12-07 22:11:19,342 - website - INFO - Info message-create_app',
format = '2021-12-07 22:11:19,342 - website - WARNING - Warning msg-create_app',
format = '2021-12-07 22:11:19,342 - website - ERROR - Error msg!!!-create_app',
format = '2021-12-07 22:12:30,075 - website - INFO - Info message-create_app',
format = '2021-12-07 22:12:30,075 - website - WARNING - Warning msg-create_app',
format = '2021-12-07 22:12:30,075 - website - ERROR - Error msg!!!-create_app',
format = '2021-12-07 22:12:32,381 - website - INFO - Info message-create_app',
format = '2021-12-07 22:12:32,381 - website - WARNING - Warning msg-create_app',
format = '2021-12-07 22:12:32,381 - website - ERROR - Error msg!!!-create_app',
format = '2021-12-07 22:14:38,382 - website - INFO - Info message-create_app',
format = '2021-12-07 22:14:38,382 - website - WARNING - Warning msg-create_app',
format = '2021-12-07 22:14:38,382 - website - ERROR - Error msg!!!-create_app',
format = '2021-12-07 22:17:20,836 - website - INFO - Info message-create_app',
format = '2021-12-07 22:17:20,836 - website - WARNING - Warning msg-create_app',
format = '2021-12-07 22:17:20,836 - website - ERROR - Error msg!!!-create_app',
format = '2021-12-07 22:21:00,247 - website - INFO - Info message-create_app',
format = '2021-12-07 22:21:00,247 - website - WARNING - Warning msg-create_app',
format = '2021-12-07 22:21:00,248 - website - ERROR - Error msg!!!-create_app',
format = '2021-12-07 22:21:10,255 - website - INFO - Info message-create_app',
format = '2021-12-07 22:21:10,255 - website - WARNING - Warning msg-create_app',
format = '2021-12-07 22:21:10,256 - website - ERROR - Error msg!!!-create_app',
format = '2021-12-07 22:23:25,986 - website - WARNING - Warning msg-create_app',
format = '2021-12-07 22:23:25,986 - website - ERROR - Error msg!!!-create_app',
format = '2021-12-07 22:23:26,175 - website - WARNING - Warning msg-create_app',
format = '2021-12-07 22:23:26,175 - website - WARNING - Warning msg-create_app',
format = '2021-12-07 22:23:26,176 - website - ERROR - Error msg!!!-create_app',
format = '2021-12-07 22:23:26,176 - website - ERROR - Error msg!!!-create_app',
format = '2021-12-07 22:23:26,411 - website - WARNING - Warning msg-create_app',
format = '2021-12-07 22:23:26,411 - website - WARNING - Warning msg-create_app',
format = '2021-12-07 22:23:26,411 - website - WARNING - Warning msg-create_app',
format = '2021-12-07 22:23:26,412 - website - ERROR - Error msg!!!-create_app',
format = '2021-12-07 22:23:26,412 - website - ERROR - Error msg!!!-create_app',
format = '2021-12-07 22:23:26,412 - website - ERROR - Error msg!!!-create_app',
format = '2021-12-07 22:23:26,560 - website - WARNING - Warning msg-create_app',
format = '2021-12-07 22:23:26,560 - website - WARNING - Warning msg-create_app',
format = '2021-12-07 22:23:26,560 - website - WARNING - Warning msg-create_app',
format = '2021-12-07 22:23:26,560 - website - WARNING - Warning msg-create_app',
format = '2021-12-07 22:23:26,560 - website - ERROR - Error msg!!!-create_app',
format = '2021-12-07 22:23:26,560 - website - ERROR - Error msg!!!-create_app',
format = '2021-12-07 22:23:26,560 - website - ERROR - Error msg!!!-create_app',
format = '2021-12-07 22:23:26,560 - website - ERROR - Error msg!!!-create_app',
format = '2021-12-07 22:23:26,724 - website - WARNING - Warning msg-create_app',
format = '2021-12-07 22:23:26,724 - website - WARNING - Warning msg-create_app',
format = '2021-12-07 22:23:26,724 - website - WARNING - Warning msg-create_app',
format = '2021-12-07 22:23:26,724 - website - WARNING - Warning msg-create_app',
format = '2021-12-07 22:23:26,724 - website - WARNING - Warning msg-create_app',
format = '2021-12-07 22:23:26,725 - website - ERROR - Error msg!!!-create_app',
format = '2021-12-07 22:23:26,725 - website - ERROR - Error msg!!!-create_app',
format = '2021-12-07 22:23:26,725 - website - ERROR - Error msg!!!-create_app',
format = '2021-12-07 22:23:26,725 - website - ERROR - Error msg!!!-create_app',
format = '2021-12-07 22:23:26,725 - website - ERROR - Error msg!!!-create_app',
format = '2021-12-07 22:23:26,878 - website - WARNING - Warning msg-create_app',
format = '2021-12-07 22:23:26,878 - website - WARNING - Warning msg-create_app',
format = '2021-12-07 22:23:26,878 - website - WARNING - Warning msg-create_app',
format = '2021-12-07 22:23:26,878 - website - WARNING - Warning msg-create_app',
format = '2021-12-07 22:23:26,878 - website - WARNING - Warning msg-create_app',
format = '2021-12-07 22:23:26,878 - website - WARNING - Warning msg-create_app',
format = '2021-12-07 22:23:26,879 - website - ERROR - Error msg!!!-create_app',
format = '2021-12-07 22:23:26,879 - website - ERROR - Error msg!!!-create_app',
format = '2021-12-07 22:23:26,879 - website - ERROR - Error msg!!!-create_app',
format = '2021-12-07 22:23:26,879 - website - ERROR - Error msg!!!-create_app',
format = '2021-12-07 22:23:26,879 - website - ERROR - Error msg!!!-create_app',
format = '2021-12-07 22:23:26,879 - website - ERROR - Error msg!!!-create_app',
format = '2021-12-07 22:23:27,075 - website - WARNING - Warning msg-create_app',
format = '2021-12-07 22:23:27,075 - website - WARNING - Warning msg-create_app',
format = '2021-12-07 22:23:27,075 - website - WARNING - Warning msg-create_app',
format = '2021-12-07 22:23:27,075 - website - WARNING - Warning msg-create_app',
format = '2021-12-07 22:23:27,075 - website - WARNING - Warning msg-create_app',
format = '2021-12-07 22:23:27,075 - website - WARNING - Warning msg-create_app',
format = '2021-12-07 22:23:27,075 - website - WARNING - Warning msg-create_app',
format = '2021-12-07 22:23:27,076 - website - ERROR - Error msg!!!-create_app',
format = '2021-12-07 22:23:27,076 - website - ERROR - Error msg!!!-create_app',
format = '2021-12-07 22:23:27,076 - website - ERROR - Error msg!!!-create_app',
format = '2021-12-07 22:23:27,076 - website - ERROR - Error msg!!!-create_app',
format = '2021-12-07 22:23:27,076 - website - ERROR - Error msg!!!-create_app',
format = '2021-12-07 22:23:27,076 - website - ERROR - Error msg!!!-create_app',
format = '2021-12-07 22:23:27,076 - website - ERROR - Error msg!!!-create_app',
format = '2021-12-07 22:23:27,511 - root - ERROR - Email Error-login',
format = '2021-12-07 22:23:27,511 - root - ERROR - Email Error-login',
format = '2021-12-07 22:23:27,511 - root - ERROR - Email Error-login',
format = '2021-12-07 22:23:27,511 - root - ERROR - Email Error-login',
format = '2021-12-07 22:23:27,511 - root - ERROR - Email Error-login',
format = '2021-12-07 22:23:27,511 - root - ERROR - Email Error-login',
format = '2021-12-07 22:23:27,511 - root - ERROR - Email Error-login',
format = '2021-12-07 22:23:27,576 - website - WARNING - Warning msg-create_app',
format = '2021-12-07 22:23:27,576 - website - WARNING - Warning msg-create_app',
format = '2021-12-07 22:23:27,576 - website - WARNING - Warning msg-create_app',
format = '2021-12-07 22:23:27,576 - website - WARNING - Warning msg-create_app',
format = '2021-12-07 22:23:27,576 - website - WARNING - Warning msg-create_app',
format = '2021-12-07 22:23:27,576 - website - WARNING - Warning msg-create_app',
format = '2021-12-07 22:23:27,576 - website - WARNING - Warning msg-create_app',
format = '2021-12-07 22:23:27,576 - website - WARNING - Warning msg-create_app',
format = '2021-12-07 22:23:27,576 - website - ERROR - Error msg!!!-create_app',
format = '2021-12-07 22:23:27,576 - website - ERROR - Error msg!!!-create_app',
format = '2021-12-07 22:23:27,576 - website - ERROR - Error msg!!!-create_app',
format = '2021-12-07 22:23:27,576 - website - ERROR - Error msg!!!-create_app',
format = '2021-12-07 22:23:27,576 - website - ERROR - Error msg!!!-create_app',
format = '2021-12-07 22:23:27,576 - website - ERROR - Error msg!!!-create_app',
format = '2021-12-07 22:23:27,576 - website - ERROR - Error msg!!!-create_app',
format = '2021-12-07 22:23:27,576 - website - ERROR - Error msg!!!-create_app',
format = '2021-12-07 22:23:27,758 - website - WARNING - Warning msg-create_app',
format = '2021-12-07 22:23:27,758 - website - WARNING - Warning msg-create_app',
format = '2021-12-07 22:23:27,758 - website - WARNING - Warning msg-create_app',
format = '2021-12-07 22:23:27,758 - website - WARNING - Warning msg-create_app',
format = '2021-12-07 22:23:27,758 - website - WARNING - Warning msg-create_app',
format = '2021-12-07 22:23:27,758 - website - WARNING - Warning msg-create_app',
format = '2021-12-07 22:23:27,758 - website - WARNING - Warning msg-create_app',
format = '2021-12-07 22:23:27,758 - website - WARNING - Warning msg-create_app',
format = '2021-12-07 22:23:27,758 - website - WARNING - Warning msg-create_app',
format = '2021-12-07 22:23:27,758 - website - ERROR - Error msg!!!-create_app',
format = '2021-12-07 22:23:27,758 - website - ERROR - Error msg!!!-create_app',
format = '2021-12-07 22:23:27,758 - website - ERROR - Error msg!!!-create_app',
format = '2021-12-07 22:23:27,758 - website - ERROR - Error msg!!!-create_app',
format = '2021-12-07 22:23:27,758 - website - ERROR - Error msg!!!-create_app',
format = '2021-12-07 22:23:27,758 - website - ERROR - Error msg!!!-create_app',
format = '2021-12-07 22:23:27,758 - website - ERROR - Error msg!!!-create_app',
format = '2021-12-07 22:23:27,758 - website - ERROR - Error msg!!!-create_app',
format = '2021-12-07 22:23:27,758 - website - ERROR - Error msg!!!-create_app',
format = '2021-12-07 22:23:27,934 - website - WARNING - Warning msg-create_app',
format = '2021-12-07 22:23:27,934 - website - WARNING - Warning msg-create_app',
format = '2021-12-07 22:23:27,934 - website - WARNING - Warning msg-create_app',
format = '2021-12-07 22:23:27,934 - website - WARNING - Warning msg-create_app',
format = '2021-12-07 22:23:27,934 - website - WARNING - Warning msg-create_app',
format = '2021-12-07 22:23:27,934 - website - WARNING - Warning msg-create_app',
format = '2021-12-07 22:23:27,934 - website - WARNING - Warning msg-create_app',
format = '2021-12-07 22:23:27,934 - website - WARNING - Warning msg-create_app',
format = '2021-12-07 22:23:27,934 - website - WARNING - Warning msg-create_app',
format = '2021-12-07 22:23:27,934 - website - WARNING - Warning msg-create_app',
format = '2021-12-07 22:23:27,935 - website - ERROR - Error msg!!!-create_app',
format = '2021-12-07 22:23:27,935 - website - ERROR - Error msg!!!-create_app',
format = '2021-12-07 22:23:27,935 - website - ERROR - Error msg!!!-create_app',
format = '2021-12-07 22:23:27,935 - website - ERROR - Error msg!!!-create_app',
format = '2021-12-07 22:23:27,935 - website - ERROR - Error msg!!!-create_app',
format = '2021-12-07 22:23:27,935 - website - ERROR - Error msg!!!-create_app',
format = '2021-12-07 22:23:27,935 - website - ERROR - Error msg!!!-create_app',
format = '2021-12-07 22:23:27,935 - website - ERROR - Error msg!!!-create_app',
format = '2021-12-07 22:23:27,935 - website - ERROR - Error msg!!!-create_app',
format = '2021-12-07 22:23:27,935 - website - ERROR - Error msg!!!-create_app',
format = '2021-12-07 22:23:28,093 - website - WARNING - Warning msg-create_app',
format = '2021-12-07 22:23:28,093 - website - WARNING - Warning msg-create_app',
format = '2021-12-07 22:23:28,093 - website - WARNING - Warning msg-create_app',
format = '2021-12-07 22:23:28,093 - website - WARNING - Warning msg-create_app',
format = '2021-12-07 22:23:28,093 - website - WARNING - Warning msg-create_app',
format = '2021-12-07 22:23:28,093 - website - WARNING - Warning msg-create_app',
format = '2021-12-07 22:23:28,093 - website - WARNING - Warning msg-create_app',
format = '2021-12-07 22:23:28,093 - website - WARNING - Warning msg-create_app',
format = '2021-12-07 22:23:28,093 - website - WARNING - Warning msg-create_app',
format = '2021-12-07 22:23:28,093 - website - WARNING - Warning msg-create_app',
format = '2021-12-07 22:23:28,093 - website - WARNING - Warning msg-create_app',
format = '2021-12-07 22:23:28,094 - website - ERROR - Error msg!!!-create_app',
format = '2021-12-07 22:23:28,094 - website - ERROR - Error msg!!!-create_app',
format = '2021-12-07 22:23:28,094 - website - ERROR - Error msg!!!-create_app',
format = '2021-12-07 22:23:28,094 - website - ERROR - Error msg!!!-create_app',
format = '2021-12-07 22:23:28,094 - website - ERROR - Error msg!!!-create_app',
format = '2021-12-07 22:23:28,094 - website - ERROR - Error msg!!!-create_app',
format = '2021-12-07 22:23:28,094 - website - ERROR - Error msg!!!-create_app',
format = '2021-12-07 22:23:28,094 - website - ERROR - Error msg!!!-create_app',
format = '2021-12-07 22:23:28,094 - website - ERROR - Error msg!!!-create_app',
format = '2021-12-07 22:23:28,094 - website - ERROR - Error msg!!!-create_app',
format = '2021-12-07 22:23:28,094 - website - ERROR - Error msg!!!-create_app',
format = '2021-12-07 22:23:28,282 - website - WARNING - Warning msg-create_app',
format = '2021-12-07 22:23:28,282 - website - WARNING - Warning msg-create_app',
format = '2021-12-07 22:23:28,282 - website - WARNING - Warning msg-create_app',
format = '2021-12-07 22:23:28,282 - website - WARNING - Warning msg-create_app',
format = '2021-12-07 22:23:28,282 - website - WARNING - Warning msg-create_app',
format = '2021-12-07 22:23:28,282 - website - WARNING - Warning msg-create_app',
format = '2021-12-07 22:23:28,282 - website - WARNING - Warning msg-create_app',
format = '2021-12-07 22:23:28,282 - website - WARNING - Warning msg-create_app',
format = '2021-12-07 22:23:28,282 - website - WARNING - Warning msg-create_app',
format = '2021-12-07 22:23:28,282 - website - WARNING - Warning msg-create_app',
format = '2021-12-07 22:23:28,282 - website - WARNING - Warning msg-create_app',
format = '2021-12-07 22:23:28,282 - website - WARNING - Warning msg-create_app',
format = '2021-12-07 22:23:28,283 - website - ERROR - Error msg!!!-create_app',
format = '2021-12-07 22:23:28,283 - website - ERROR - Error msg!!!-create_app',
format = '2021-12-07 22:23:28,283 - website - ERROR - Error msg!!!-create_app',
format = '2021-12-07 22:23:28,283 - website - ERROR - Error msg!!!-create_app',
format = '2021-12-07 22:23:28,283 - website - ERROR - Error msg!!!-create_app',
format = '2021-12-07 22:23:28,283 - website - ERROR - Error msg!!!-create_app',
format = '2021-12-07 22:23:28,283 - website - ERROR - Error msg!!!-create_app',
format = '2021-12-07 22:23:28,283 - website - ERROR - Error msg!!!-create_app',
format = '2021-12-07 22:23:28,283 - website - ERROR - Error msg!!!-create_app',
format = '2021-12-07 22:23:28,283 - website - ERROR - Error msg!!!-create_app',
format = '2021-12-07 22:23:28,283 - website - ERROR - Error msg!!!-create_app',
format = '2021-12-07 22:23:28,283 - website - ERROR - Error msg!!!-create_app',
format = '2021-12-07 22:23:53,485 - website - INFO - Info message-create_app',
format = '2021-12-07 22:23:53,486 - website - WARNING - Warning msg-create_app',
format = '2021-12-07 22:23:53,486 - website - ERROR - Error msg!!!-create_app',
format = '2021-12-07 22:23:56,787 - website - INFO - Info message-create_app',
format = '2021-12-07 22:23:56,787 - website - WARNING - Warning msg-create_app',
format = '2021-12-07 22:23:56,788 - website - ERROR - Error msg!!!-create_app',
format = '2021-12-07 22:24:32,558 - website - WARNING - Warning msg-create_app',
format = '2021-12-07 22:24:32,559 - website - ERROR - Error msg!!!-create_app',
format = '2021-12-07 22:24:32,739 - website - WARNING - Warning msg-create_app',
format = '2021-12-07 22:24:32,739 - website - WARNING - Warning msg-create_app',
format = '2021-12-07 22:24:32,740 - website - ERROR - Error msg!!!-create_app',
format = '2021-12-07 22:24:32,740 - website - ERROR - Error msg!!!-create_app',
format = '2021-12-07 22:24:32,946 - website - WARNING - Warning msg-create_app',
format = '2021-12-07 22:24:32,946 - website - WARNING - Warning msg-create_app',
format = '2021-12-07 22:24:32,946 - website - WARNING - Warning msg-create_app',
format = '2021-12-07 22:24:32,946 - website - ERROR - Error msg!!!-create_app',
format = '2021-12-07 22:24:32,946 - website - ERROR - Error msg!!!-create_app',
format = '2021-12-07 22:24:32,946 - website - ERROR - Error msg!!!-create_app',
format = '2021-12-07 22:24:33,072 - website - WARNING - Warning msg-create_app',
format = '2021-12-07 22:24:33,072 - website - WARNING - Warning msg-create_app',
format = '2021-12-07 22:24:33,072 - website - WARNING - Warning msg-create_app',
format = '2021-12-07 22:24:33,072 - website - WARNING - Warning msg-create_app',
format = '2021-12-07 22:24:33,072 - website - ERROR - Error msg!!!-create_app',
format = '2021-12-07 22:24:33,072 - website - ERROR - Error msg!!!-create_app',
format = '2021-12-07 22:24:33,072 - website - ERROR - Error msg!!!-create_app',
format = '2021-12-07 22:24:33,072 - website - ERROR - Error msg!!!-create_app',
format = '2021-12-07 22:24:33,224 - website - WARNING - Warning msg-create_app',
format = '2021-12-07 22:24:33,224 - website - WARNING - Warning msg-create_app',
format = '2021-12-07 22:24:33,224 - website - WARNING - Warning msg-create_app',
format = '2021-12-07 22:24:33,224 - website - WARNING - Warning msg-create_app',
format = '2021-12-07 22:24:33,224 - website - WARNING - Warning msg-create_app',
format = '2021-12-07 22:24:33,224 - website - ERROR - Error msg!!!-create_app',
format = '2021-12-07 22:24:33,224 - website - ERROR - Error msg!!!-create_app',
format = '2021-12-07 22:24:33,224 - website - ERROR - Error msg!!!-create_app',
format = '2021-12-07 22:24:33,224 - website - ERROR - Error msg!!!-create_app',
format = '2021-12-07 22:24:33,224 - website - ERROR - Error msg!!!-create_app',
format = '2021-12-07 22:24:33,378 - website - WARNING - Warning msg-create_app',
format = '2021-12-07 22:24:33,378 - website - WARNING - Warning msg-create_app',
format = '2021-12-07 22:24:33,378 - website - WARNING - Warning msg-create_app',
format = '2021-12-07 22:24:33,378 - website - WARNING - Warning msg-create_app',
format = '2021-12-07 22:24:33,378 - website - WARNING - Warning msg-create_app',
format = '2021-12-07 22:24:33,378 - website - WARNING - Warning msg-create_app',
format = '2021-12-07 22:24:33,379 - website - ERROR - Error msg!!!-create_app',
format = '2021-12-07 22:24:33,379 - website - ERROR - Error msg!!!-create_app',
format = '2021-12-07 22:24:33,379 - website - ERROR - Error msg!!!-create_app',
format = '2021-12-07 22:24:33,379 - website - ERROR - Error msg!!!-create_app',
format = '2021-12-07 22:24:33,379 - website - ERROR - Error msg!!!-create_app',
format = '2021-12-07 22:24:33,379 - website - ERROR - Error msg!!!-create_app',
format = '2021-12-07 22:24:33,572 - website - WARNING - Warning msg-create_app',
format = '2021-12-07 22:24:33,572 - website - WARNING - Warning msg-create_app',
format = '2021-12-07 22:24:33,572 - website - WARNING - Warning msg-create_app',
format = '2021-12-07 22:24:33,572 - website - WARNING - Warning msg-create_app',
format = '2021-12-07 22:24:33,572 - website - WARNING - Warning msg-create_app',
format = '2021-12-07 22:24:33,572 - website - WARNING - Warning msg-create_app',
format = '2021-12-07 22:24:33,572 - website - WARNING - Warning msg-create_app',
format = '2021-12-07 22:24:33,573 - website - ERROR - Error msg!!!-create_app',
format = '2021-12-07 22:24:33,573 - website - ERROR - Error msg!!!-create_app',
format = '2021-12-07 22:24:33,573 - website - ERROR - Error msg!!!-create_app',
format = '2021-12-07 22:24:33,573 - website - ERROR - Error msg!!!-create_app',
format = '2021-12-07 22:24:33,573 - website - ERROR - Error msg!!!-create_app',
format = '2021-12-07 22:24:33,573 - website - ERROR - Error msg!!!-create_app',
format = '2021-12-07 22:24:33,573 - website - ERROR - Error msg!!!-create_app',
format = '2021-12-07 22:24:33,989 - root - ERROR - Email Error-login',
format = '2021-12-07 22:24:33,989 - root - ERROR - Email Error-login',
format = '2021-12-07 22:24:33,989 - root - ERROR - Email Error-login',
format = '2021-12-07 22:24:33,989 - root - ERROR - Email Error-login',
format = '2021-12-07 22:24:33,989 - root - ERROR - Email Error-login',
format = '2021-12-07 22:24:33,989 - root - ERROR - Email Error-login',
format = '2021-12-07 22:24:33,989 - root - ERROR - Email Error-login',
format = '2021-12-07 22:24:34,047 - website - WARNING - Warning msg-create_app',
format = '2021-12-07 22:24:34,047 - website - WARNING - Warning msg-create_app',
format = '2021-12-07 22:24:34,047 - website - WARNING - Warning msg-create_app',
format = '2021-12-07 22:24:34,047 - website - WARNING - Warning msg-create_app',
format = '2021-12-07 22:24:34,047 - website - WARNING - Warning msg-create_app',
format = '2021-12-07 22:24:34,047 - website - WARNING - Warning msg-create_app',
format = '2021-12-07 22:24:34,047 - website - WARNING - Warning msg-create_app',
format = '2021-12-07 22:24:34,047 - website - WARNING - Warning msg-create_app',
format = '2021-12-07 22:24:34,047 - website - ERROR - Error msg!!!-create_app',
format = '2021-12-07 22:24:34,047 - website - ERROR - Error msg!!!-create_app',
format = '2021-12-07 22:24:34,047 - website - ERROR - Error msg!!!-create_app',
format = '2021-12-07 22:24:34,047 - website - ERROR - Error msg!!!-create_app',
format = '2021-12-07 22:24:34,047 - website - ERROR - Error msg!!!-create_app',
format = '2021-12-07 22:24:34,047 - website - ERROR - Error msg!!!-create_app',
format = '2021-12-07 22:24:34,047 - website - ERROR - Error msg!!!-create_app',
format = '2021-12-07 22:24:34,047 - website - ERROR - Error msg!!!-create_app',
format = '2021-12-07 22:24:34,246 - website - WARNING - Warning msg-create_app',
format = '2021-12-07 22:24:34,246 - website - WARNING - Warning msg-create_app',
format = '2021-12-07 22:24:34,246 - website - WARNING - Warning msg-create_app',
format = '2021-12-07 22:24:34,246 - website - WARNING - Warning msg-create_app',
format = '2021-12-07 22:24:34,246 - website - WARNING - Warning msg-create_app',
format = '2021-12-07 22:24:34,246 - website - WARNING - Warning msg-create_app',
format = '2021-12-07 22:24:34,246 - website - WARNING - Warning msg-create_app',
format = '2021-12-07 22:24:34,246 - website - WARNING - Warning msg-create_app',
format = '2021-12-07 22:24:34,246 - website - WARNING - Warning msg-create_app',
format = '2021-12-07 22:24:34,246 - website - ERROR - Error msg!!!-create_app',
format = '2021-12-07 22:24:34,246 - website - ERROR - Error msg!!!-create_app',
format = '2021-12-07 22:24:34,246 - website - ERROR - Error msg!!!-create_app',
format = '2021-12-07 22:24:34,246 - website - ERROR - Error msg!!!-create_app',
format = '2021-12-07 22:24:34,246 - website - ERROR - Error msg!!!-create_app',
format = '2021-12-07 22:24:34,246 - website - ERROR - Error msg!!!-create_app',
format = '2021-12-07 22:24:34,246 - website - ERROR - Error msg!!!-create_app',
format = '2021-12-07 22:24:34,246 - website - ERROR - Error msg!!!-create_app',
format = '2021-12-07 22:24:34,246 - website - ERROR - Error msg!!!-create_app',
format = '2021-12-07 22:24:34,425 - website - WARNING - Warning msg-create_app',
format = '2021-12-07 22:24:34,425 - website - WARNING - Warning msg-create_app',
format = '2021-12-07 22:24:34,425 - website - WARNING - Warning msg-create_app',
format = '2021-12-07 22:24:34,425 - website - WARNING - Warning msg-create_app',
format = '2021-12-07 22:24:34,425 - website - WARNING - Warning msg-create_app',
format = '2021-12-07 22:24:34,425 - website - WARNING - Warning msg-create_app',
format = '2021-12-07 22:24:34,425 - website - WARNING - Warning msg-create_app',
format = '2021-12-07 22:24:34,425 - website - WARNING - Warning msg-create_app',
format = '2021-12-07 22:24:34,425 - website - WARNING - Warning msg-create_app',
format = '2021-12-07 22:24:34,425 - website - WARNING - Warning msg-create_app',
format = '2021-12-07 22:24:34,425 - website - ERROR - Error msg!!!-create_app',
format = '2021-12-07 22:24:34,425 - website - ERROR - Error msg!!!-create_app',
format = '2021-12-07 22:24:34,425 - website - ERROR - Error msg!!!-create_app',
format = '2021-12-07 22:24:34,425 - website - ERROR - Error msg!!!-create_app',
format = '2021-12-07 22:24:34,425 - website - ERROR - Error msg!!!-create_app',
format = '2021-12-07 22:24:34,425 - website - ERROR - Error msg!!!-create_app',
format = '2021-12-07 22:24:34,425 - website - ERROR - Error msg!!!-create_app',
format = '2021-12-07 22:24:34,425 - website - ERROR - Error msg!!!-create_app',
format = '2021-12-07 22:24:34,425 - website - ERROR - Error msg!!!-create_app',
format = '2021-12-07 22:24:34,425 - website - ERROR - Error msg!!!-create_app',
format = '2021-12-07 22:24:34,580 - website - WARNING - Warning msg-create_app',
format = '2021-12-07 22:24:34,580 - website - WARNING - Warning msg-create_app',
format = '2021-12-07 22:24:34,580 - website - WARNING - Warning msg-create_app',
format = '2021-12-07 22:24:34,580 - website - WARNING - Warning msg-create_app',
format = '2021-12-07 22:24:34,580 - website - WARNING - Warning msg-create_app',
format = '2021-12-07 22:24:34,580 - website - WARNING - Warning msg-create_app',
format = '2021-12-07 22:24:34,580 - website - WARNING - Warning msg-create_app',
format = '2021-12-07 22:24:34,580 - website - WARNING - Warning msg-create_app',
format = '2021-12-07 22:24:34,580 - website - WARNING - Warning msg-create_app',
format = '2021-12-07 22:24:34,580 - website - WARNING - Warning msg-create_app',
format = '2021-12-07 22:24:34,580 - website - WARNING - Warning msg-create_app',
format = '2021-12-07 22:24:34,581 - website - ERROR - Error msg!!!-create_app',
format = '2021-12-07 22:24:34,581 - website - ERROR - Error msg!!!-create_app',
format = '2021-12-07 22:24:34,581 - website - ERROR - Error msg!!!-create_app',
format = '2021-12-07 22:24:34,581 - website - ERROR - Error msg!!!-create_app',
format = '2021-12-07 22:24:34,581 - website - ERROR - Error msg!!!-create_app',
format = '2021-12-07 22:24:34,581 - website - ERROR - Error msg!!!-create_app',
format = '2021-12-07 22:24:34,581 - website - ERROR - Error msg!!!-create_app',
format = '2021-12-07 22:24:34,581 - website - ERROR - Error msg!!!-create_app',
format = '2021-12-07 22:24:34,581 - website - ERROR - Error msg!!!-create_app',
format = '2021-12-07 22:24:34,581 - website - ERROR - Error msg!!!-create_app',
format = '2021-12-07 22:24:34,581 - website - ERROR - Error msg!!!-create_app',
format = '2021-12-07 22:24:34,769 - website - WARNING - Warning msg-create_app',
format = '2021-12-07 22:24:34,769 - website - WARNING - Warning msg-create_app',
format = '2021-12-07 22:24:34,769 - website - WARNING - Warning msg-create_app',
format = '2021-12-07 22:24:34,769 - website - WARNING - Warning msg-create_app',
format = '2021-12-07 22:24:34,769 - website - WARNING - Warning msg-create_app',
format = '2021-12-07 22:24:34,769 - website - WARNING - Warning msg-create_app',
format = '2021-12-07 22:24:34,769 - website - WARNING - Warning msg-create_app',
format = '2021-12-07 22:24:34,769 - website - WARNING - Warning msg-create_app',
format = '2021-12-07 22:24:34,769 - website - WARNING - Warning msg-create_app',
format = '2021-12-07 22:24:34,769 - website - WARNING - Warning msg-create_app',
format = '2021-12-07 22:24:34,769 - website - WARNING - Warning msg-create_app',
format = '2021-12-07 22:24:34,769 - website - WARNING - Warning msg-create_app',
format = '2021-12-07 22:24:34,769 - website - ERROR - Error msg!!!-create_app',
format = '2021-12-07 22:24:34,769 - website - ERROR - Error msg!!!-create_app',
format = '2021-12-07 22:24:34,769 - website - ERROR - Error msg!!!-create_app',
format = '2021-12-07 22:24:34,769 - website - ERROR - Error msg!!!-create_app',
format = '2021-12-07 22:24:34,769 - website - ERROR - Error msg!!!-create_app',
format = '2021-12-07 22:24:34,769 - website - ERROR - Error msg!!!-create_app',
format = '2021-12-07 22:24:34,769 - website - ERROR - Error msg!!!-create_app',
format = '2021-12-07 22:24:34,769 - website - ERROR - Error msg!!!-create_app',
format = '2021-12-07 22:24:34,769 - website - ERROR - Error msg!!!-create_app',
format = '2021-12-07 22:24:34,769 - website - ERROR - Error msg!!!-create_app',
format = '2021-12-07 22:24:34,769 - website - ERROR - Error msg!!!-create_app',
format = '2021-12-07 22:24:34,769 - website - ERROR - Error msg!!!-create_app',
format = '2021-12-07 22:24:40,285 - website - INFO - Info message-create_app',
format = '2021-12-07 22:24:40,285 - website - WARNING - Warning msg-create_app',
format = '2021-12-07 22:24:40,286 - website - ERROR - Error msg!!!-create_app',
format = '2021-12-07 22:24:40,331 - flask_migrate - ERROR - Error: Directory migrations already exists and is not empty-wrapped',
format = '2021-12-07 22:24:44,132 - website - INFO - Info message-create_app',
format = '2021-12-07 22:24:44,132 - website - WARNING - Warning msg-create_app',
format = '2021-12-07 22:24:44,133 - website - ERROR - Error msg!!!-create_app',
format = '2021-12-07 22:29:47,856 - website - INFO - Info message-create_app',
format = '2021-12-07 22:29:47,856 - website - WARNING - Warning msg-create_app',
format = '2021-12-07 22:29:47,856 - website - ERROR - Error msg!!!-create_app',
format = '2021-12-07 22:35:53,868 - website - WARNING - Warning msg-create_app',
format = '2021-12-07 22:35:53,868 - website - ERROR - Error msg!!!-create_app',
format = '2021-12-07 22:35:54,045 - website - WARNING - Warning msg-create_app',
format = '2021-12-07 22:35:54,045 - website - WARNING - Warning msg-create_app',
format = '2021-12-07 22:35:54,045 - website - ERROR - Error msg!!!-create_app',
format = '2021-12-07 22:35:54,045 - website - ERROR - Error msg!!!-create_app',
format = '2021-12-07 22:35:54,261 - website - WARNING - Warning msg-create_app',
format = '2021-12-07 22:35:54,261 - website - WARNING - Warning msg-create_app',
format = '2021-12-07 22:35:54,261 - website - WARNING - Warning msg-create_app',
format = '2021-12-07 22:35:54,261 - website - ERROR - Error msg!!!-create_app',
format = '2021-12-07 22:35:54,261 - website - ERROR - Error msg!!!-create_app',
format = '2021-12-07 22:35:54,261 - website - ERROR - Error msg!!!-create_app',
format = '2021-12-07 22:35:54,397 - website - WARNING - Warning msg-create_app',
format = '2021-12-07 22:35:54,397 - website - WARNING - Warning msg-create_app',
format = '2021-12-07 22:35:54,397 - website - WARNING - Warning msg-create_app',
format = '2021-12-07 22:35:54,397 - website - WARNING - Warning msg-create_app',
format = '2021-12-07 22:35:54,398 - website - ERROR - Error msg!!!-create_app',
format = '2021-12-07 22:35:54,398 - website - ERROR - Error msg!!!-create_app',
format = '2021-12-07 22:35:54,398 - website - ERROR - Error msg!!!-create_app',
format = '2021-12-07 22:35:54,398 - website - ERROR - Error msg!!!-create_app',
format = '2021-12-07 22:35:54,574 - website - WARNING - Warning msg-create_app',
format = '2021-12-07 22:35:54,574 - website - WARNING - Warning msg-create_app',
format = '2021-12-07 22:35:54,574 - website - WARNING - Warning msg-create_app',
format = '2021-12-07 22:35:54,574 - website - WARNING - Warning msg-create_app',
format = '2021-12-07 22:35:54,574 - website - WARNING - Warning msg-create_app',
format = '2021-12-07 22:35:54,574 - website - ERROR - Error msg!!!-create_app',
format = '2021-12-07 22:35:54,574 - website - ERROR - Error msg!!!-create_app',
format = '2021-12-07 22:35:54,574 - website - ERROR - Error msg!!!-create_app',
format = '2021-12-07 22:35:54,574 - website - ERROR - Error msg!!!-create_app',
format = '2021-12-07 22:35:54,574 - website - ERROR - Error msg!!!-create_app',
format = '2021-12-07 22:35:54,755 - website - WARNING - Warning msg-create_app',
format = '2021-12-07 22:35:54,755 - website - WARNING - Warning msg-create_app',
format = '2021-12-07 22:35:54,755 - website - WARNING - Warning msg-create_app',
format = '2021-12-07 22:35:54,755 - website - WARNING - Warning msg-create_app',
format = '2021-12-07 22:35:54,755 - website - WARNING - Warning msg-create_app',
format = '2021-12-07 22:35:54,755 - website - WARNING - Warning msg-create_app',
format = '2021-12-07 22:35:54,756 - website - ERROR - Error msg!!!-create_app',
format = '2021-12-07 22:35:54,756 - website - ERROR - Error msg!!!-create_app',
format = '2021-12-07 22:35:54,756 - website - ERROR - Error msg!!!-create_app',
format = '2021-12-07 22:35:54,756 - website - ERROR - Error msg!!!-create_app',
format = '2021-12-07 22:35:54,756 - website - ERROR - Error msg!!!-create_app',
format = '2021-12-07 22:35:54,756 - website - ERROR - Error msg!!!-create_app',
format = '2021-12-07 22:35:54,980 - website - WARNING - Warning msg-create_app',
format = '2021-12-07 22:35:54,980 - website - WARNING - Warning msg-create_app',
format = '2021-12-07 22:35:54,980 - website - WARNING - Warning msg-create_app',
format = '2021-12-07 22:35:54,980 - website - WARNING - Warning msg-create_app',
format = '2021-12-07 22:35:54,980 - website - WARNING - Warning msg-create_app',
format = '2021-12-07 22:35:54,980 - website - WARNING - Warning msg-create_app',
format = '2021-12-07 22:35:54,980 - website - WARNING - Warning msg-create_app',
format = '2021-12-07 22:35:54,981 - website - ERROR - Error msg!!!-create_app',
format = '2021-12-07 22:35:54,981 - website - ERROR - Error msg!!!-create_app',
format = '2021-12-07 22:35:54,981 - website - ERROR - Error msg!!!-create_app',
format = '2021-12-07 22:35:54,981 - website - ERROR - Error msg!!!-create_app',
format = '2021-12-07 22:35:54,981 - website - ERROR - Error msg!!!-create_app',
format = '2021-12-07 22:35:54,981 - website - ERROR - Error msg!!!-create_app',
format = '2021-12-07 22:35:54,981 - website - ERROR - Error msg!!!-create_app',
format = '2021-12-07 22:35:55,387 - root - ERROR - Email Error-login',
format = '2021-12-07 22:35:55,387 - root - ERROR - Email Error-login',
format = '2021-12-07 22:35:55,387 - root - ERROR - Email Error-login',
format = '2021-12-07 22:35:55,387 - root - ERROR - Email Error-login',
format = '2021-12-07 22:35:55,387 - root - ERROR - Email Error-login',
format = '2021-12-07 22:35:55,387 - root - ERROR - Email Error-login',
format = '2021-12-07 22:35:55,387 - root - ERROR - Email Error-login',
format = '2021-12-07 22:35:55,456 - website - WARNING - Warning msg-create_app',
format = '2021-12-07 22:35:55,456 - website - WARNING - Warning msg-create_app',
format = '2021-12-07 22:35:55,456 - website - WARNING - Warning msg-create_app',
format = '2021-12-07 22:35:55,456 - website - WARNING - Warning msg-create_app',
format = '2021-12-07 22:35:55,456 - website - WARNING - Warning msg-create_app',
format = '2021-12-07 22:35:55,456 - website - WARNING - Warning msg-create_app',
format = '2021-12-07 22:35:55,456 - website - WARNING - Warning msg-create_app',
format = '2021-12-07 22:35:55,456 - website - WARNING - Warning msg-create_app',
format = '2021-12-07 22:35:55,456 - website - ERROR - Error msg!!!-create_app',
format = '2021-12-07 22:35:55,456 - website - ERROR - Error msg!!!-create_app',
format = '2021-12-07 22:35:55,456 - website - ERROR - Error msg!!!-create_app',
format = '2021-12-07 22:35:55,456 - website - ERROR - Error msg!!!-create_app',
format = '2021-12-07 22:35:55,456 - website - ERROR - Error msg!!!-create_app',
format = '2021-12-07 22:35:55,456 - website - ERROR - Error msg!!!-create_app',
format = '2021-12-07 22:35:55,456 - website - ERROR - Error msg!!!-create_app',
format = '2021-12-07 22:35:55,456 - website - ERROR - Error msg!!!-create_app',
format = '2021-12-07 22:35:55,660 - website - WARNING - Warning msg-create_app',
format = '2021-12-07 22:35:55,660 - website - WARNING - Warning msg-create_app',
format = '2021-12-07 22:35:55,660 - website - WARNING - Warning msg-create_app',
format = '2021-12-07 22:35:55,660 - website - WARNING - Warning msg-create_app',
format = '2021-12-07 22:35:55,660 - website - WARNING - Warning msg-create_app',
format = '2021-12-07 22:35:55,660 - website - WARNING - Warning msg-create_app',
format = '2021-12-07 22:35:55,660 - website - WARNING - Warning msg-create_app',
format = '2021-12-07 22:35:55,660 - website - WARNING - Warning msg-create_app',
format = '2021-12-07 22:35:55,660 - website - WARNING - Warning msg-create_app',
format = '2021-12-07 22:35:55,661 - website - ERROR - Error msg!!!-create_app',
format = '2021-12-07 22:35:55,661 - website - ERROR - Error msg!!!-create_app',
format = '2021-12-07 22:35:55,661 - website - ERROR - Error msg!!!-create_app',
format = '2021-12-07 22:35:55,661 - website - ERROR - Error msg!!!-create_app',
format = '2021-12-07 22:35:55,661 - website - ERROR - Error msg!!!-create_app',
format = '2021-12-07 22:35:55,661 - website - ERROR - Error msg!!!-create_app',
format = '2021-12-07 22:35:55,661 - website - ERROR - Error msg!!!-create_app',
format = '2021-12-07 22:35:55,661 - website - ERROR - Error msg!!!-create_app',
format = '2021-12-07 22:35:55,661 - website - ERROR - Error msg!!!-create_app',
format = '2021-12-07 22:35:55,876 - website - WARNING - Warning msg-create_app',
format = '2021-12-07 22:35:55,876 - website - WARNING - Warning msg-create_app',
format = '2021-12-07 22:35:55,876 - website - WARNING - Warning msg-create_app',
format = '2021-12-07 22:35:55,876 - website - WARNING - Warning msg-create_app',
format = '2021-12-07 22:35:55,876 - website - WARNING - Warning msg-create_app',
format = '2021-12-07 22:35:55,876 - website - WARNING - Warning msg-create_app',
format = '2021-12-07 22:35:55,876 - website - WARNING - Warning msg-create_app',
format = '2021-12-07 22:35:55,876 - website - WARNING - Warning msg-create_app',
format = '2021-12-07 22:35:55,876 - website - WARNING - Warning msg-create_app',
format = '2021-12-07 22:35:55,876 - website - WARNING - Warning msg-create_app',
format = '2021-12-07 22:35:55,876 - website - ERROR - Error msg!!!-create_app',
format = '2021-12-07 22:35:55,876 - website - ERROR - Error msg!!!-create_app',
format = '2021-12-07 22:35:55,876 - website - ERROR - Error msg!!!-create_app',
format = '2021-12-07 22:35:55,876 - website - ERROR - Error msg!!!-create_app',
format = '2021-12-07 22:35:55,876 - website - ERROR - Error msg!!!-create_app',
format = '2021-12-07 22:35:55,876 - website - ERROR - Error msg!!!-create_app',
format = '2021-12-07 22:35:55,876 - website - ERROR - Error msg!!!-create_app',
format = '2021-12-07 22:35:55,876 - website - ERROR - Error msg!!!-create_app',
format = '2021-12-07 22:35:55,876 - website - ERROR - Error msg!!!-create_app',
format = '2021-12-07 22:35:55,876 - website - ERROR - Error msg!!!-create_app',
format = '2021-12-07 22:35:56,050 - website - WARNING - Warning msg-create_app',
format = '2021-12-07 22:35:56,050 - website - WARNING - Warning msg-create_app',
format = '2021-12-07 22:35:56,050 - website - WARNING - Warning msg-create_app',
format = '2021-12-07 22:35:56,050 - website - WARNING - Warning msg-create_app',
format = '2021-12-07 22:35:56,050 - website - WARNING - Warning msg-create_app',
format = '2021-12-07 22:35:56,050 - website - WARNING - Warning msg-create_app',
format = '2021-12-07 22:35:56,050 - website - WARNING - Warning msg-create_app',
format = '2021-12-07 22:35:56,050 - website - WARNING - Warning msg-create_app',
format = '2021-12-07 22:35:56,050 - website - WARNING - Warning msg-create_app',
format = '2021-12-07 22:35:56,050 - website - WARNING - Warning msg-create_app',
format = '2021-12-07 22:35:56,050 - website - WARNING - Warning msg-create_app',
format = '2021-12-07 22:35:56,051 - website - ERROR - Error msg!!!-create_app',
format = '2021-12-07 22:35:56,051 - website - ERROR - Error msg!!!-create_app',
format = '2021-12-07 22:35:56,051 - website - ERROR - Error msg!!!-create_app',
format = '2021-12-07 22:35:56,051 - website - ERROR - Error msg!!!-create_app',
format = '2021-12-07 22:35:56,051 - website - ERROR - Error msg!!!-create_app',
format = '2021-12-07 22:35:56,051 - website - ERROR - Error msg!!!-create_app',
format = '2021-12-07 22:35:56,051 - website - ERROR - Error msg!!!-create_app',
format = '2021-12-07 22:35:56,051 - website - ERROR - Error msg!!!-create_app',
format = '2021-12-07 22:35:56,051 - website - ERROR - Error msg!!!-create_app',
format = '2021-12-07 22:35:56,051 - website - ERROR - Error msg!!!-create_app',
format = '2021-12-07 22:35:56,051 - website - ERROR - Error msg!!!-create_app',
format = '2021-12-07 22:35:56,253 - website - WARNING - Warning msg-create_app',
format = '2021-12-07 22:35:56,253 - website - WARNING - Warning msg-create_app',
format = '2021-12-07 22:35:56,253 - website - WARNING - Warning msg-create_app',
format = '2021-12-07 22:35:56,253 - website - WARNING - Warning msg-create_app',
format = '2021-12-07 22:35:56,253 - website - WARNING - Warning msg-create_app',
format = '2021-12-07 22:35:56,253 - website - WARNING - Warning msg-create_app',
format = '2021-12-07 22:35:56,253 - website - WARNING - Warning msg-create_app',
format = '2021-12-07 22:35:56,253 - website - WARNING - Warning msg-create_app',
format = '2021-12-07 22:35:56,253 - website - WARNING - Warning msg-create_app',
format = '2021-12-07 22:35:56,253 - website - WARNING - Warning msg-create_app',
format = '2021-12-07 22:35:56,253 - website - WARNING - Warning msg-create_app',
format = '2021-12-07 22:35:56,253 - website - WARNING - Warning msg-create_app',
format = '2021-12-07 22:35:56,253 - website - ERROR - Error msg!!!-create_app',
format = '2021-12-07 22:35:56,253 - website - ERROR - Error msg!!!-create_app',
format = '2021-12-07 22:35:56,253 - website - ERROR - Error msg!!!-create_app',
format = '2021-12-07 22:35:56,253 - website - ERROR - Error msg!!!-create_app',
format = '2021-12-07 22:35:56,253 - website - ERROR - Error msg!!!-create_app',
format = '2021-12-07 22:35:56,253 - website - ERROR - Error msg!!!-create_app',
format = '2021-12-07 22:35:56,253 - website - ERROR - Error msg!!!-create_app',
format = '2021-12-07 22:35:56,253 - website - ERROR - Error msg!!!-create_app',
format = '2021-12-07 22:35:56,253 - website - ERROR - Error msg!!!-create_app',
format = '2021-12-07 22:35:56,253 - website - ERROR - Error msg!!!-create_app',
format = '2021-12-07 22:35:56,253 - website - ERROR - Error msg!!!-create_app',
format = '2021-12-07 22:35:56,253 - website - ERROR - Error msg!!!-create_app',
format = '2021-12-07 22:37:00,405 - website - INFO - Info message-create_app',
format = '2021-12-07 22:37:00,405 - website - WARNING - Warning msg-create_app',
format = '2021-12-07 22:37:00,406 - website - ERROR - Error msg!!!-create_app',
format = '2021-12-07 22:37:08,715 - website - INFO - Info message-create_app',
format = '2021-12-07 22:37:08,715 - website - WARNING - Warning msg-create_app',
format = '2021-12-07 22:37:08,716 - website - ERROR - Error msg!!!-create_app',
format = '2021-12-07 22:37:15,641 - website - INFO - Info message-create_app',
format = '2021-12-07 22:37:15,642 - website - WARNING - Warning msg-create_app',
format = '2021-12-07 22:37:15,642 - website - ERROR - Error msg!!!-create_app',
format = '2021-12-07 22:44:14,910 - website - INFO - Info message-create_app',
format = '2021-12-07 22:44:14,912 - website - WARNING - Warning msg-create_app',
format = '2021-12-07 22:44:14,913 - website - ERROR - Error msg!!!-create_app',
format = '2021-12-07 22:44:24,122 - website - INFO - Info message-create_app',
format = '2021-12-07 22:44:24,122 - website - WARNING - Warning msg-create_app',
format = '2021-12-07 22:44:24,123 - website - ERROR - Error msg!!!-create_app',
format = '2021-12-08 00:02:51,832 - werkzeug - INFO -  * Running on http://127.0.0.1:5000/ (Press CTRL+C to quit)-_log',
format = '2021-12-08 00:02:54,153 - werkzeug - INFO - 127.0.0.1 - - [08/Dec/2021 00:02:54] "GET / HTTP/1.1" 200 --_log',
format = '2021-12-08 00:03:09,497 - werkzeug - INFO - 127.0.0.1 - - [08/Dec/2021 00:03:09] "GET /posts/yxl HTTP/1.1" 200 --_log',
format = '2021-12-08 00:03:14,949 - werkzeug - INFO - 127.0.0.1 - - [08/Dec/2021 00:03:14] "GET /home HTTP/1.1" 200 --_log',
format = '2021-12-08 00:03:35,600 - werkzeug - INFO - 127.0.0.1 - - [08/Dec/2021 00:03:35] "GET /new_manager HTTP/1.1" 200 --_log',
format = '2021-12-08 00:03:41,307 - werkzeug - INFO - 127.0.0.1 - - [08/Dec/2021 00:03:41] "GET /home HTTP/1.1" 200 --_log',
format = '2021-12-08 00:03:42,854 - werkzeug - INFO - 127.0.0.1 - - [08/Dec/2021 00:03:42] "GET /create-post HTTP/1.1" 200 --_log',
format = '2021-12-08 00:03:52,485 - werkzeug - INFO - 127.0.0.1 - - [08/Dec/2021 00:03:52] "[32mPOST /create-post HTTP/1.1[0m" 302 --_log',
format = '2021-12-08 00:03:52,513 - werkzeug - INFO - 127.0.0.1 - - [08/Dec/2021 00:03:52] "GET /home HTTP/1.1" 200 --_log',
